[0.079s] DEBUG:colcon:Command line arguments: ['/usr/bin/colcon', 'build']
[0.079s] DEBUG:colcon:Parsed command line arguments: Namespace(log_base=None, log_level=None, verb_name='build', build_base='build', install_base='install', merge_install=False, symlink_install=False, test_result_base=None, continue_on_error=False, executor='parallel', parallel_workers=12, event_handlers=None, ignore_user_meta=False, metas=['./colcon.meta'], base_paths=['.'], packages_ignore=None, packages_ignore_regex=None, paths=None, packages_up_to=None, packages_up_to_regex=None, packages_above=None, packages_above_and_dependencies=None, packages_above_depth=None, packages_select_by_dep=None, packages_skip_by_dep=None, packages_skip_up_to=None, packages_select_build_failed=False, packages_skip_build_finished=False, packages_select_test_failures=False, packages_skip_test_passed=False, packages_select=None, packages_skip=None, packages_select_regex=None, packages_skip_regex=None, packages_start=None, packages_end=None, allow_overriding=[], cmake_args=None, cmake_target=None, cmake_target_skip_unavailable=False, cmake_clean_cache=False, cmake_clean_first=False, cmake_force_configure=False, ament_cmake_args=None, catkin_cmake_args=None, catkin_skip_building_tests=False, mixin_files=None, mixin=None, verb_parser=<colcon_mixin.mixin.mixin_argument.MixinArgumentDecorator object at 0x762e77674af0>, verb_extension=<colcon_core.verb.build.BuildVerb object at 0x762e777f6fb0>, main=<bound method BuildVerb.main of <colcon_core.verb.build.BuildVerb object at 0x762e777f6fb0>>, mixin_verb=('build',))
[0.207s] Level 1:colcon.colcon_core.package_discovery:discover_packages(colcon_meta) check parameters
[0.207s] Level 1:colcon.colcon_core.package_discovery:discover_packages(recursive) check parameters
[0.207s] Level 1:colcon.colcon_core.package_discovery:discover_packages(ignore) check parameters
[0.207s] Level 1:colcon.colcon_core.package_discovery:discover_packages(path) check parameters
[0.207s] Level 1:colcon.colcon_core.package_discovery:discover_packages(colcon_meta) discover
[0.207s] Level 1:colcon.colcon_core.package_discovery:discover_packages(recursive) discover
[0.207s] INFO:colcon.colcon_core.package_discovery:Crawling recursively for packages in '/home/haveli/Precision_landing_aruco'
[0.207s] Level 1:colcon.colcon_core.package_identification:_identify(.) by extensions ['ignore', 'ignore_ament_install']
[0.207s] Level 1:colcon.colcon_core.package_identification:_identify(.) by extension 'ignore'
[0.207s] Level 1:colcon.colcon_core.package_identification:_identify(.) by extension 'ignore_ament_install'
[0.207s] Level 1:colcon.colcon_core.package_identification:_identify(.) by extensions ['colcon_pkg']
[0.207s] Level 1:colcon.colcon_core.package_identification:_identify(.) by extension 'colcon_pkg'
[0.207s] Level 1:colcon.colcon_core.package_identification:_identify(.) by extensions ['colcon_meta']
[0.207s] Level 1:colcon.colcon_core.package_identification:_identify(.) by extension 'colcon_meta'
[0.207s] Level 1:colcon.colcon_core.package_identification:_identify(.) by extensions ['ros']
[0.207s] Level 1:colcon.colcon_core.package_identification:_identify(.) by extension 'ros'
[0.215s] Level 1:colcon.colcon_core.package_identification:_identify(.) by extensions ['cmake', 'python']
[0.215s] Level 1:colcon.colcon_core.package_identification:_identify(.) by extension 'cmake'
[0.215s] Level 1:colcon.colcon_core.package_identification:_identify(.) by extension 'python'
[0.215s] Level 1:colcon.colcon_core.package_identification:_identify(.) by extensions ['python_setup_py']
[0.215s] Level 1:colcon.colcon_core.package_identification:_identify(.) by extension 'python_setup_py'
[0.215s] Level 1:colcon.colcon_core.package_identification:_identify(build) by extensions ['ignore', 'ignore_ament_install']
[0.215s] Level 1:colcon.colcon_core.package_identification:_identify(build) by extension 'ignore'
[0.215s] Level 1:colcon.colcon_core.package_identification:_identify(build) ignored
[0.215s] Level 1:colcon.colcon_core.package_identification:_identify(install) by extensions ['ignore', 'ignore_ament_install']
[0.215s] Level 1:colcon.colcon_core.package_identification:_identify(install) by extension 'ignore'
[0.215s] Level 1:colcon.colcon_core.package_identification:_identify(install) ignored
[0.215s] Level 1:colcon.colcon_core.package_identification:_identify(log) by extensions ['ignore', 'ignore_ament_install']
[0.216s] Level 1:colcon.colcon_core.package_identification:_identify(log) by extension 'ignore'
[0.216s] Level 1:colcon.colcon_core.package_identification:_identify(log) ignored
[0.216s] Level 1:colcon.colcon_core.package_identification:_identify(src) by extensions ['ignore', 'ignore_ament_install']
[0.216s] Level 1:colcon.colcon_core.package_identification:_identify(src) by extension 'ignore'
[0.216s] Level 1:colcon.colcon_core.package_identification:_identify(src) by extension 'ignore_ament_install'
[0.216s] Level 1:colcon.colcon_core.package_identification:_identify(src) by extensions ['colcon_pkg']
[0.216s] Level 1:colcon.colcon_core.package_identification:_identify(src) by extension 'colcon_pkg'
[0.216s] Level 1:colcon.colcon_core.package_identification:_identify(src) by extensions ['colcon_meta']
[0.216s] Level 1:colcon.colcon_core.package_identification:_identify(src) by extension 'colcon_meta'
[0.216s] Level 1:colcon.colcon_core.package_identification:_identify(src) by extensions ['ros']
[0.216s] Level 1:colcon.colcon_core.package_identification:_identify(src) by extension 'ros'
[0.216s] Level 1:colcon.colcon_core.package_identification:_identify(src) by extensions ['cmake', 'python']
[0.216s] Level 1:colcon.colcon_core.package_identification:_identify(src) by extension 'cmake'
[0.216s] Level 1:colcon.colcon_core.package_identification:_identify(src) by extension 'python'
[0.216s] Level 1:colcon.colcon_core.package_identification:_identify(src) by extensions ['python_setup_py']
[0.216s] Level 1:colcon.colcon_core.package_identification:_identify(src) by extension 'python_setup_py'
[0.216s] Level 1:colcon.colcon_core.package_identification:_identify(src/ark) by extensions ['ignore', 'ignore_ament_install']
[0.216s] Level 1:colcon.colcon_core.package_identification:_identify(src/ark) by extension 'ignore'
[0.216s] Level 1:colcon.colcon_core.package_identification:_identify(src/ark) by extension 'ignore_ament_install'
[0.216s] Level 1:colcon.colcon_core.package_identification:_identify(src/ark) by extensions ['colcon_pkg']
[0.216s] Level 1:colcon.colcon_core.package_identification:_identify(src/ark) by extension 'colcon_pkg'
[0.216s] Level 1:colcon.colcon_core.package_identification:_identify(src/ark) by extensions ['colcon_meta']
[0.216s] Level 1:colcon.colcon_core.package_identification:_identify(src/ark) by extension 'colcon_meta'
[0.216s] Level 1:colcon.colcon_core.package_identification:_identify(src/ark) by extensions ['ros']
[0.216s] Level 1:colcon.colcon_core.package_identification:_identify(src/ark) by extension 'ros'
[0.219s] DEBUG:colcon.colcon_core.package_identification:Package 'src/ark' with type 'ros.ament_cmake' and name 'ark'
[0.219s] Level 1:colcon.colcon_core.package_identification:_identify(src/precision_land) by extensions ['ignore', 'ignore_ament_install']
[0.220s] Level 1:colcon.colcon_core.package_identification:_identify(src/precision_land) by extension 'ignore'
[0.220s] Level 1:colcon.colcon_core.package_identification:_identify(src/precision_land) by extension 'ignore_ament_install'
[0.220s] Level 1:colcon.colcon_core.package_identification:_identify(src/precision_land) by extensions ['colcon_pkg']
[0.220s] Level 1:colcon.colcon_core.package_identification:_identify(src/precision_land) by extension 'colcon_pkg'
[0.220s] Level 1:colcon.colcon_core.package_identification:_identify(src/precision_land) by extensions ['colcon_meta']
[0.220s] Level 1:colcon.colcon_core.package_identification:_identify(src/precision_land) by extension 'colcon_meta'
[0.220s] Level 1:colcon.colcon_core.package_identification:_identify(src/precision_land) by extensions ['ros']
[0.220s] Level 1:colcon.colcon_core.package_identification:_identify(src/precision_land) by extension 'ros'
[0.221s] DEBUG:colcon.colcon_core.package_identification:Package 'src/precision_land' with type 'ros.ament_cmake' and name 'precision_land'
[0.221s] Level 1:colcon.colcon_core.package_discovery:discover_packages(recursive) using defaults
[0.221s] Level 1:colcon.colcon_core.package_discovery:discover_packages(ignore) discover
[0.221s] Level 1:colcon.colcon_core.package_discovery:discover_packages(ignore) using defaults
[0.221s] Level 1:colcon.colcon_core.package_discovery:discover_packages(path) discover
[0.221s] Level 1:colcon.colcon_core.package_discovery:discover_packages(path) using defaults
[0.242s] Level 1:colcon.colcon_core.package_discovery:discover_packages(prefix_path) check parameters
[0.242s] Level 1:colcon.colcon_core.package_discovery:discover_packages(prefix_path) discover
[0.243s] DEBUG:colcon.colcon_installed_package_information.package_discovery:Found 1 installed packages in /home/haveli/Camera_ros2/install
[0.243s] DEBUG:colcon.colcon_installed_package_information.package_discovery:Found 3 installed packages in /home/haveli/microros_ws/install
[0.244s] DEBUG:colcon.colcon_installed_package_information.package_discovery:Found 230 installed packages in /opt/ros/humble
[0.245s] Level 1:colcon.colcon_core.package_discovery:discover_packages(prefix_path) using defaults
[0.268s] Level 5:colcon.colcon_core.verb:set package 'ark' build argument 'cmake_args' from command line to 'None'
[0.269s] Level 5:colcon.colcon_core.verb:set package 'ark' build argument 'cmake_target' from command line to 'None'
[0.269s] Level 5:colcon.colcon_core.verb:set package 'ark' build argument 'cmake_target_skip_unavailable' from command line to 'False'
[0.269s] Level 5:colcon.colcon_core.verb:set package 'ark' build argument 'cmake_clean_cache' from command line to 'False'
[0.269s] Level 5:colcon.colcon_core.verb:set package 'ark' build argument 'cmake_clean_first' from command line to 'False'
[0.269s] Level 5:colcon.colcon_core.verb:set package 'ark' build argument 'cmake_force_configure' from command line to 'False'
[0.269s] Level 5:colcon.colcon_core.verb:set package 'ark' build argument 'ament_cmake_args' from command line to 'None'
[0.269s] Level 5:colcon.colcon_core.verb:set package 'ark' build argument 'catkin_cmake_args' from command line to 'None'
[0.269s] Level 5:colcon.colcon_core.verb:set package 'ark' build argument 'catkin_skip_building_tests' from command line to 'False'
[0.269s] DEBUG:colcon.colcon_core.verb:Building package 'ark' with the following arguments: {'ament_cmake_args': None, 'build_base': '/home/haveli/Precision_landing_aruco/build/ark', 'catkin_cmake_args': None, 'catkin_skip_building_tests': False, 'cmake_args': None, 'cmake_clean_cache': False, 'cmake_clean_first': False, 'cmake_force_configure': False, 'cmake_target': None, 'cmake_target_skip_unavailable': False, 'install_base': '/home/haveli/Precision_landing_aruco/install/ark', 'merge_install': False, 'path': '/home/haveli/Precision_landing_aruco/src/ark', 'symlink_install': False, 'test_result_base': None}
[0.269s] Level 5:colcon.colcon_core.verb:set package 'precision_land' build argument 'cmake_args' from command line to 'None'
[0.269s] Level 5:colcon.colcon_core.verb:set package 'precision_land' build argument 'cmake_target' from command line to 'None'
[0.269s] Level 5:colcon.colcon_core.verb:set package 'precision_land' build argument 'cmake_target_skip_unavailable' from command line to 'False'
[0.269s] Level 5:colcon.colcon_core.verb:set package 'precision_land' build argument 'cmake_clean_cache' from command line to 'False'
[0.269s] Level 5:colcon.colcon_core.verb:set package 'precision_land' build argument 'cmake_clean_first' from command line to 'False'
[0.269s] Level 5:colcon.colcon_core.verb:set package 'precision_land' build argument 'cmake_force_configure' from command line to 'False'
[0.269s] Level 5:colcon.colcon_core.verb:set package 'precision_land' build argument 'ament_cmake_args' from command line to 'None'
[0.269s] Level 5:colcon.colcon_core.verb:set package 'precision_land' build argument 'catkin_cmake_args' from command line to 'None'
[0.269s] Level 5:colcon.colcon_core.verb:set package 'precision_land' build argument 'catkin_skip_building_tests' from command line to 'False'
[0.269s] DEBUG:colcon.colcon_core.verb:Building package 'precision_land' with the following arguments: {'ament_cmake_args': None, 'build_base': '/home/haveli/Precision_landing_aruco/build/precision_land', 'catkin_cmake_args': None, 'catkin_skip_building_tests': False, 'cmake_args': None, 'cmake_clean_cache': False, 'cmake_clean_first': False, 'cmake_force_configure': False, 'cmake_target': None, 'cmake_target_skip_unavailable': False, 'install_base': '/home/haveli/Precision_landing_aruco/install/precision_land', 'merge_install': False, 'path': '/home/haveli/Precision_landing_aruco/src/precision_land', 'symlink_install': False, 'test_result_base': None}
[0.269s] INFO:colcon.colcon_core.executor:Executing jobs using 'parallel' executor
[0.270s] DEBUG:colcon.colcon_parallel_executor.executor.parallel:run_until_complete
[0.270s] INFO:colcon.colcon_ros.task.ament_cmake.build:Building ROS package in '/home/haveli/Precision_landing_aruco/src/ark' with build type 'ament_cmake'
[0.270s] INFO:colcon.colcon_cmake.task.cmake.build:Building CMake package in '/home/haveli/Precision_landing_aruco/src/ark'
[0.272s] INFO:colcon.colcon_core.plugin_system:Skipping extension 'colcon_core.shell.bat': Not used on non-Windows systems
[0.272s] INFO:colcon.colcon_core.shell:Skip shell extension 'powershell' for command environment: Not usable outside of PowerShell
[0.272s] DEBUG:colcon.colcon_core.shell:Skip shell extension 'dsv' for command environment
[0.274s] INFO:colcon.colcon_ros.task.ament_cmake.build:Building ROS package in '/home/haveli/Precision_landing_aruco/src/precision_land' with build type 'ament_cmake'
[0.274s] INFO:colcon.colcon_cmake.task.cmake.build:Building CMake package in '/home/haveli/Precision_landing_aruco/src/precision_land'
[0.275s] INFO:colcon.colcon_core.shell:Skip shell extension 'powershell' for command environment: Not usable outside of PowerShell
[0.275s] DEBUG:colcon.colcon_core.shell:Skip shell extension 'dsv' for command environment
[0.281s] DEBUG:colcon.colcon_core.event_handler.log_command:Invoking command in '/home/haveli/Precision_landing_aruco/build/ark': CMAKE_PREFIX_PATH=${CMAKE_PREFIX_PATH}:/opt/ros/humble /usr/bin/cmake /home/haveli/Precision_landing_aruco/src/ark -DCMAKE_INSTALL_PREFIX=/home/haveli/Precision_landing_aruco/install/ark
[0.283s] DEBUG:colcon.colcon_core.event_handler.log_command:Invoking command in '/home/haveli/Precision_landing_aruco/build/precision_land': CMAKE_PREFIX_PATH=${CMAKE_PREFIX_PATH}:/opt/ros/humble /usr/bin/cmake /home/haveli/Precision_landing_aruco/src/precision_land -DCMAKE_INSTALL_PREFIX=/home/haveli/Precision_landing_aruco/install/precision_land
[1.261s] DEBUG:colcon.colcon_core.event_handler.log_command:Invoked command in '/home/haveli/Precision_landing_aruco/build/precision_land' returned '1': CMAKE_PREFIX_PATH=${CMAKE_PREFIX_PATH}:/opt/ros/humble /usr/bin/cmake /home/haveli/Precision_landing_aruco/src/precision_land -DCMAKE_INSTALL_PREFIX=/home/haveli/Precision_landing_aruco/install/precision_land
[1.276s] Level 1:colcon.colcon_core.environment:create_environment_scripts_only(precision_land)
[1.278s] Level 1:colcon.colcon_core.environment:checking '/home/haveli/Precision_landing_aruco/install/precision_land' for CMake module files
[1.278s] Level 1:colcon.colcon_core.environment:checking '/home/haveli/Precision_landing_aruco/install/precision_land' for CMake config files
[1.278s] Level 1:colcon.colcon_core.environment:checking '/home/haveli/Precision_landing_aruco/install/precision_land/bin'
[1.278s] Level 1:colcon.colcon_core.environment:checking '/home/haveli/Precision_landing_aruco/install/precision_land/lib/pkgconfig/precision_land.pc'
[1.278s] Level 1:colcon.colcon_core.environment:checking '/home/haveli/Precision_landing_aruco/install/precision_land/lib/python3.10/site-packages'
[1.278s] Level 1:colcon.colcon_core.environment:checking '/home/haveli/Precision_landing_aruco/install/precision_land/bin'
[1.279s] INFO:colcon.colcon_core.shell:Creating package script '/home/haveli/Precision_landing_aruco/install/precision_land/share/precision_land/package.ps1'
[1.279s] INFO:colcon.colcon_core.shell:Creating package descriptor '/home/haveli/Precision_landing_aruco/install/precision_land/share/precision_land/package.dsv'
[1.279s] INFO:colcon.colcon_core.shell:Creating package script '/home/haveli/Precision_landing_aruco/install/precision_land/share/precision_land/package.sh'
[1.280s] INFO:colcon.colcon_core.shell:Creating package script '/home/haveli/Precision_landing_aruco/install/precision_land/share/precision_land/package.bash'
[1.280s] INFO:colcon.colcon_core.shell:Creating package script '/home/haveli/Precision_landing_aruco/install/precision_land/share/precision_land/package.zsh'
[1.281s] Level 1:colcon.colcon_core.environment:create_file_with_runtime_dependencies(/home/haveli/Precision_landing_aruco/install/precision_land/share/colcon-core/packages/precision_land)
[1.504s] DEBUG:colcon.colcon_parallel_executor.executor.parallel:closing loop
[1.504s] DEBUG:colcon.colcon_parallel_executor.executor.parallel:loop closed
[1.504s] DEBUG:colcon.colcon_parallel_executor.executor.parallel:run_until_complete finished with '1'
[1.505s] DEBUG:colcon.colcon_core.event_reactor:joining thread
[1.509s] INFO:colcon.colcon_core.plugin_system:Skipping extension 'colcon_notification.desktop_notification.terminal_notifier': Not used on non-Darwin systems
[1.509s] INFO:colcon.colcon_core.plugin_system:Skipping extension 'colcon_notification.desktop_notification.win32': Not used on non-Windows systems
[1.509s] INFO:colcon.colcon_notification.desktop_notification:Sending desktop notification using 'notify2'
[1.524s] DEBUG:colcon.colcon_core.event_reactor:joined thread
[1.525s] INFO:colcon.colcon_core.shell:Creating prefix script '/home/haveli/Precision_landing_aruco/install/local_setup.ps1'
[1.526s] INFO:colcon.colcon_core.shell:Creating prefix util module '/home/haveli/Precision_landing_aruco/install/_local_setup_util_ps1.py'
[1.528s] INFO:colcon.colcon_core.shell:Creating prefix chain script '/home/haveli/Precision_landing_aruco/install/setup.ps1'
[1.530s] INFO:colcon.colcon_core.shell:Creating prefix script '/home/haveli/Precision_landing_aruco/install/local_setup.sh'
[1.531s] INFO:colcon.colcon_core.shell:Creating prefix util module '/home/haveli/Precision_landing_aruco/install/_local_setup_util_sh.py'
[1.532s] INFO:colcon.colcon_core.shell:Creating prefix chain script '/home/haveli/Precision_landing_aruco/install/setup.sh'
[1.534s] INFO:colcon.colcon_core.shell:Creating prefix script '/home/haveli/Precision_landing_aruco/install/local_setup.bash'
[1.534s] INFO:colcon.colcon_core.shell:Creating prefix chain script '/home/haveli/Precision_landing_aruco/install/setup.bash'
[1.536s] INFO:colcon.colcon_core.shell:Creating prefix script '/home/haveli/Precision_landing_aruco/install/local_setup.zsh'
[1.536s] INFO:colcon.colcon_core.shell:Creating prefix chain script '/home/haveli/Precision_landing_aruco/install/setup.zsh'
