[0.010s] Invoking command in '/home/haveli/Precision_landing_aruco/build/ark': CMAKE_PREFIX_PATH=${CMAKE_PREFIX_PATH}:/opt/ros/humble /usr/bin/cmake /home/haveli/Precision_landing_aruco/src/ark -DCMAKE_INSTALL_PREFIX=/home/haveli/Precision_landing_aruco/install/ark
[0.056s] -- The C compiler identification is GNU 11.4.0
[0.106s] -- The CXX compiler identification is GNU 11.4.0
[0.113s] -- Detecting C compiler ABI info
[0.173s] -- Detecting C compiler ABI info - done
[0.179s] -- Check for working C compiler: /usr/bin/cc - skipped
[0.179s] -- Detecting C compile features
[0.180s] -- Detecting C compile features - done
[0.182s] -- Detecting CXX compiler ABI info
[0.251s] -- Detecting CXX compiler ABI info - done
[0.257s] -- Check for working CXX compiler: /usr/bin/c++ - skipped
[0.257s] -- Detecting CXX compile features
[0.258s] -- Detecting CXX compile features - done
[0.261s] -- Found ament_cmake: 1.3.11 (/opt/ros/humble/share/ament_cmake/cmake)
[0.381s] -- Found Python3: /usr/bin/python3 (found version "3.10.12") found components: Interpreter 
[0.476s] -- Found rclcpp: 16.0.12 (/opt/ros/humble/share/rclcpp/cmake)
[0.529s] -- Found rosidl_generator_c: 3.1.6 (/opt/ros/humble/share/rosidl_generator_c/cmake)
[0.534s] -- Found rosidl_adapter: 3.1.6 (/opt/ros/humble/share/rosidl_adapter/cmake)
[0.541s] -- Found rosidl_generator_cpp: 3.1.6 (/opt/ros/humble/share/rosidl_generator_cpp/cmake)
[0.551s] -- Using all available rosidl_typesupport_c: rosidl_typesupport_fastrtps_c;rosidl_typesupport_introspection_c
[0.565s] -- Using all available rosidl_typesupport_cpp: rosidl_typesupport_fastrtps_cpp;rosidl_typesupport_introspection_cpp
[0.602s] -- Found rmw_implementation_cmake: 6.1.2 (/opt/ros/humble/share/rmw_implementation_cmake/cmake)
[0.604s] -- Found rmw_fastrtps_cpp: 6.2.7 (/opt/ros/humble/share/rmw_fastrtps_cpp/cmake)
[0.693s] -- Found OpenSSL: /usr/lib/x86_64-linux-gnu/libcrypto.so (found version "3.0.2")  
[0.721s] -- Found FastRTPS: /opt/ros/humble/include  
[0.765s] -- Using RMW implementation 'rmw_fastrtps_cpp' as default
[0.772s] -- Looking for pthread.h
[0.837s] -- Looking for pthread.h - found
[0.837s] -- Performing Test CMAKE_HAVE_LIBC_PTHREAD
[0.903s] -- Performing Test CMAKE_HAVE_LIBC_PTHREAD - Success
[0.904s] -- Found Threads: TRUE  
[0.947s] -- Found sensor_msgs: 4.8.0 (/opt/ros/humble/share/sensor_msgs/cmake)
[0.973s] -- Found cv_bridge: 3.2.1 (/opt/ros/humble/share/cv_bridge/cmake)
[0.984s] -- Found image_transport: 3.1.11 (/opt/ros/humble/share/image_transport/cmake)
[1.018s] -- Found OpenCV: /usr/local (found version "4.10.0") 
[1.020s] -- Found tf2: 0.25.13 (/opt/ros/humble/share/tf2/cmake)
[1.024s] -- Found tf2_geometry_msgs: 0.25.13 (/opt/ros/humble/share/tf2_geometry_msgs/cmake)
[1.038s] -- Found eigen3_cmake_module: 0.1.1 (/opt/ros/humble/share/eigen3_cmake_module/cmake)
[1.039s] -- Found Eigen3: TRUE (found version "3.4.0") 
[1.039s] -- Ensuring Eigen3 include directory is part of orocos-kdl CMake target
[1.117s] -- Found ament_lint_auto: 0.12.12 (/opt/ros/humble/share/ament_lint_auto/cmake)
[1.180s] -- Added test 'cppcheck' to perform static code analysis on C / C++ code
[1.180s] -- Configured cppcheck include dirs: 
[1.180s] -- Configured cppcheck exclude dirs and/or files: 
[1.180s] -- Added test 'flake8' to check Python code syntax and style conventions
[1.181s] -- Added test 'lint_cmake' to check CMake code style
[1.181s] -- Added test 'pep257' to check Python code against some of the docstring style conventions in PEP 257
[1.183s] -- Added test 'uncrustify' to check C / C++ code style
[1.183s] -- Configured uncrustify additional arguments: 
[1.183s] -- Added test 'xmllint' to check XML markup files
[1.184s] -- Configuring done
[1.207s] -- Generating done
[1.215s] -- Build files have been written to: /home/haveli/Precision_landing_aruco/build/ark
