[0.008s] Invoking command in '/home/haveli/Precision_landing_aruco/build/precision_land': CMAKE_PREFIX_PATH=${CMAKE_PREFIX_PATH}:/opt/ros/humble /usr/bin/cmake /home/haveli/Precision_landing_aruco/src/precision_land -DCMAKE_INSTALL_PREFIX=/home/haveli/Precision_landing_aruco/install/precision_land
[0.054s] -- The C compiler identification is GNU 11.4.0
[0.102s] -- The CXX compiler identification is GNU 11.4.0
[0.111s] -- Detecting C compiler ABI info
[0.172s] -- Detecting C compiler ABI info - done
[0.178s] -- Check for working C compiler: /usr/bin/cc - skipped
[0.178s] -- Detecting C compile features
[0.179s] -- Detecting C compile features - done
[0.181s] -- Detecting CXX compiler ABI info
[0.251s] -- Detecting CXX compiler ABI info - done
[0.263s] -- Check for working CXX compiler: /usr/bin/c++ - skipped
[0.264s] -- Detecting CXX compile features
[0.265s] -- Detecting CXX compile features - done
[0.269s] -- Found ament_cmake: 1.3.11 (/opt/ros/humble/share/ament_cmake/cmake)
[0.398s] -- Found Python3: /usr/bin/python3 (found version "3.10.12") found components: Interpreter 
[0.492s] -- Found rclcpp: 16.0.12 (/opt/ros/humble/share/rclcpp/cmake)
[0.545s] -- Found rosidl_generator_c: 3.1.6 (/opt/ros/humble/share/rosidl_generator_c/cmake)
[0.550s] -- Found rosidl_adapter: 3.1.6 (/opt/ros/humble/share/rosidl_adapter/cmake)
[0.557s] -- Found rosidl_generator_cpp: 3.1.6 (/opt/ros/humble/share/rosidl_generator_cpp/cmake)
[0.567s] -- Using all available rosidl_typesupport_c: rosidl_typesupport_fastrtps_c;rosidl_typesupport_introspection_c
[0.581s] -- Using all available rosidl_typesupport_cpp: rosidl_typesupport_fastrtps_cpp;rosidl_typesupport_introspection_cpp
[0.618s] -- Found rmw_implementation_cmake: 6.1.2 (/opt/ros/humble/share/rmw_implementation_cmake/cmake)
[0.620s] -- Found rmw_fastrtps_cpp: 6.2.7 (/opt/ros/humble/share/rmw_fastrtps_cpp/cmake)
[0.711s] -- Found OpenSSL: /usr/lib/x86_64-linux-gnu/libcrypto.so (found version "3.0.2")  
[0.738s] -- Found FastRTPS: /opt/ros/humble/include  
[0.780s] -- Using RMW implementation 'rmw_fastrtps_cpp' as default
[0.787s] -- Looking for pthread.h
[0.852s] -- Looking for pthread.h - found
[0.852s] -- Performing Test CMAKE_HAVE_LIBC_PTHREAD
[0.915s] -- Performing Test CMAKE_HAVE_LIBC_PTHREAD - Success
[0.916s] -- Found Threads: TRUE  
[0.958s] -- Found eigen3_cmake_module: 0.1.1 (/opt/ros/humble/share/eigen3_cmake_module/cmake)
[0.966s] -- Found Eigen3: TRUE (found version "3.4.0") 
[0.978s] [31mCMake Error at CMakeLists.txt:13 (find_package):
[0.978s]   By not providing "Findpx4_ros2_cpp.cmake" in CMAKE_MODULE_PATH this project
[0.978s]   has asked CMake to find a package configuration file provided by
[0.978s]   "px4_ros2_cpp", but CMake did not find one.
[0.979s] 
[0.979s]   Could not find a package configuration file provided by "px4_ros2_cpp" with
[0.979s]   any of the following names:
[0.979s] 
[0.979s]     px4_ros2_cppConfig.cmake
[0.979s]     px4_ros2_cpp-config.cmake
[0.979s] 
[0.979s]   Add the installation prefix of "px4_ros2_cpp" to CMAKE_PREFIX_PATH or set
[0.979s]   "px4_ros2_cpp_DIR" to a directory containing one of the above files.  If
[0.979s]   "px4_ros2_cpp" provides a separate development package or SDK, be sure it
[0.979s]   has been installed.
[0.979s] 
[0.979s] [0m
[0.979s] -- Configuring incomplete, errors occurred!
[0.979s] See also "/home/haveli/Precision_landing_aruco/build/precision_land/CMakeFiles/CMakeOutput.log".
[0.986s] Invoked command in '/home/haveli/Precision_landing_aruco/build/precision_land' returned '1': CMAKE_PREFIX_PATH=${CMAKE_PREFIX_PATH}:/opt/ros/humble /usr/bin/cmake /home/haveli/Precision_landing_aruco/src/precision_land -DCMAKE_INSTALL_PREFIX=/home/haveli/Precision_landing_aruco/install/precision_land
